ARM GAS  C:\Users\santa\AppData\Local\Temp\ccKOjomi.s 			page 1


   1              		.syntax unified
   2              		.cpu cortex-m3
   3              		.fpu softvfp
   4              		.eabi_attribute 20, 1
   5              		.eabi_attribute 21, 1
   6              		.eabi_attribute 23, 3
   7              		.eabi_attribute 24, 1
   8              		.eabi_attribute 25, 1
   9              		.eabi_attribute 26, 1
  10              		.eabi_attribute 30, 1
  11              		.eabi_attribute 34, 1
  12              		.eabi_attribute 18, 4
  13              		.thumb
  14              		.syntax unified
  15              		.file	"cymetadata.c"
  16              		.text
  17              	.Ltext0:
  18              		.cfi_sections	.debug_frame
  19              		.global	cy_metadata
  20              		.global	cy_meta_flashprotect
  21              		.global	cy_meta_wonvl
  22              		.global	cy_meta_custnvl
  23              		.global	cy_meta_configecc
  24              		.section	.cyconfigecc,"a",%progbits
  25              		.align	2
  26              		.type	cy_meta_configecc, %object
  27              		.size	cy_meta_configecc, 512
  28              	cy_meta_configecc:
  29 0000 02       		.byte	2
  30 0001 52       		.byte	82
  31 0002 00       		.byte	0
  32 0003 40       		.byte	64
  33 0004 02       		.byte	2
  34 0005 65       		.byte	101
  35 0006 00       		.byte	0
  36 0007 40       		.byte	64
  37 0008 01       		.byte	1
  38 0009 03       		.byte	3
  39 000a 01       		.byte	1
  40 000b 40       		.byte	64
  41 000c 01       		.byte	1
  42 000d 05       		.byte	5
  43 000e 01       		.byte	1
  44 000f 40       		.byte	64
  45 0010 06       		.byte	6
  46 0011 07       		.byte	7
  47 0012 01       		.byte	1
  48 0013 40       		.byte	64
  49 0014 01       		.byte	1
  50 0015 0D       		.byte	13
  51 0016 01       		.byte	1
  52 0017 40       		.byte	64
  53 0018 5B       		.byte	91
  54 0019 14       		.byte	20
  55 001a 01       		.byte	1
  56 001b 40       		.byte	64
  57 001c 37       		.byte	55
ARM GAS  C:\Users\santa\AppData\Local\Temp\ccKOjomi.s 			page 2


  58 001d 15       		.byte	21
  59 001e 01       		.byte	1
  60 001f 40       		.byte	64
  61 0020 03       		.byte	3
  62 0021 17       		.byte	23
  63 0022 01       		.byte	1
  64 0023 40       		.byte	64
  65 0024 02       		.byte	2
  66 0025 40       		.byte	64
  67 0026 01       		.byte	1
  68 0027 40       		.byte	64
  69 0028 0A       		.byte	10
  70 0029 41       		.byte	65
  71 002a 01       		.byte	1
  72 002b 40       		.byte	64
  73 002c 06       		.byte	6
  74 002d 42       		.byte	66
  75 002e 01       		.byte	1
  76 002f 40       		.byte	64
  77 0030 04       		.byte	4
  78 0031 43       		.byte	67
  79 0032 01       		.byte	1
  80 0033 40       		.byte	64
  81 0034 01       		.byte	1
  82 0035 45       		.byte	69
  83 0036 01       		.byte	1
  84 0037 40       		.byte	64
  85 0038 01       		.byte	1
  86 0039 46       		.byte	70
  87 003a 01       		.byte	1
  88 003b 40       		.byte	64
  89 003c 01       		.byte	1
  90 003d 47       		.byte	71
  91 003e 01       		.byte	1
  92 003f 40       		.byte	64
  93 0040 01       		.byte	1
  94 0041 48       		.byte	72
  95 0042 01       		.byte	1
  96 0043 40       		.byte	64
  97 0044 02       		.byte	2
  98 0045 49       		.byte	73
  99 0046 01       		.byte	1
 100 0047 40       		.byte	64
 101 0048 03       		.byte	3
 102 0049 4C       		.byte	76
 103 004a 01       		.byte	1
 104 004b 40       		.byte	64
 105 004c 02       		.byte	2
 106 004d 50       		.byte	80
 107 004e 01       		.byte	1
 108 004f 40       		.byte	64
 109 0050 01       		.byte	1
 110 0051 51       		.byte	81
 111 0052 01       		.byte	1
 112 0053 40       		.byte	64
 113 0054 00       		.byte	0
 114 0055 12       		.byte	18
ARM GAS  C:\Users\santa\AppData\Local\Temp\ccKOjomi.s 			page 3


 115 0056 01       		.byte	1
 116 0057 1A       		.byte	26
 117 0058 84       		.byte	-124
 118 0059 0F       		.byte	15
 119 005a 85       		.byte	-123
 120 005b 0F       		.byte	15
 121 005c E6       		.byte	-26
 122 005d 02       		.byte	2
 123 005e 81       		.byte	-127
 124 005f 80       		.byte	-128
 125 0060 94       		.byte	-108
 126 0061 80       		.byte	-128
 127 0062 96       		.byte	-106
 128 0063 10       		.byte	16
 129 0064 A5       		.byte	-91
 130 0065 80       		.byte	-128
 131 0066 A8       		.byte	-88
 132 0067 40       		.byte	64
 133 0068 B6       		.byte	-74
 134 0069 10       		.byte	16
 135 006a EE       		.byte	-18
 136 006b 10       		.byte	16
 137 006c E6       		.byte	-26
 138 006d 02       		.byte	2
 139 006e 0A       		.byte	10
 140 006f 08       		.byte	8
 141 0070 0D       		.byte	13
 142 0071 08       		.byte	8
 143 0072 12       		.byte	18
 144 0073 02       		.byte	2
 145 0074 15       		.byte	21
 146 0075 02       		.byte	2
 147 0076 1B       		.byte	27
 148 0077 03       		.byte	3
 149 0078 1E       		.byte	30
 150 0079 0D       		.byte	13
 151 007a 26       		.byte	38
 152 007b 04       		.byte	4
 153 007c 2B       		.byte	43
 154 007d 0C       		.byte	12
 155 007e 2E       		.byte	46
 156 007f 01       		.byte	1
 157 0080 30       		.byte	48
 158 0081 08       		.byte	8
 159 0082 31       		.byte	49
 160 0083 04       		.byte	4
 161 0084 32       		.byte	50
 162 0085 01       		.byte	1
 163 0086 33       		.byte	51
 164 0087 01       		.byte	1
 165 0088 34       		.byte	52
 166 0089 04       		.byte	4
 167 008a 35       		.byte	53
 168 008b 08       		.byte	8
 169 008c 36       		.byte	54
 170 008d 02       		.byte	2
 171 008e 37       		.byte	55
ARM GAS  C:\Users\santa\AppData\Local\Temp\ccKOjomi.s 			page 4


 172 008f 02       		.byte	2
 173 0090 3E       		.byte	62
 174 0091 04       		.byte	4
 175 0092 40       		.byte	64
 176 0093 10       		.byte	16
 177 0094 41       		.byte	65
 178 0095 05       		.byte	5
 179 0096 45       		.byte	69
 180 0097 D1       		.byte	-47
 181 0098 47       		.byte	71
 182 0099 25       		.byte	37
 183 009a 48       		.byte	72
 184 009b 33       		.byte	51
 185 009c 49       		.byte	73
 186 009d FF       		.byte	-1
 187 009e 4A       		.byte	74
 188 009f FF       		.byte	-1
 189 00a0 4B       		.byte	75
 190 00a1 FF       		.byte	-1
 191 00a2 4D       		.byte	77
 192 00a3 A0       		.byte	-96
 193 00a4 4F       		.byte	79
 194 00a5 04       		.byte	4
 195 00a6 50       		.byte	80
 196 00a7 18       		.byte	24
 197 00a8 52       		.byte	82
 198 00a9 80       		.byte	-128
 199 00aa 54       		.byte	84
 200 00ab 07       		.byte	7
 201 00ac 58       		.byte	88
 202 00ad 04       		.byte	4
 203 00ae 59       		.byte	89
 204 00af 04       		.byte	4
 205 00b0 5A       		.byte	90
 206 00b1 04       		.byte	4
 207 00b2 5B       		.byte	91
 208 00b3 04       		.byte	4
 209 00b4 5F       		.byte	95
 210 00b5 01       		.byte	1
 211 00b6 60       		.byte	96
 212 00b7 40       		.byte	64
 213 00b8 62       		.byte	98
 214 00b9 C0       		.byte	-64
 215 00ba 64       		.byte	100
 216 00bb 40       		.byte	64
 217 00bc 65       		.byte	101
 218 00bd 40       		.byte	64
 219 00be 66       		.byte	102
 220 00bf C0       		.byte	-64
 221 00c0 68       		.byte	104
 222 00c1 C0       		.byte	-64
 223 00c2 6A       		.byte	106
 224 00c3 C0       		.byte	-64
 225 00c4 6C       		.byte	108
 226 00c5 C0       		.byte	-64
 227 00c6 6E       		.byte	110
 228 00c7 C0       		.byte	-64
ARM GAS  C:\Users\santa\AppData\Local\Temp\ccKOjomi.s 			page 5


 229 00c8 87       		.byte	-121
 230 00c9 0C       		.byte	12
 231 00ca 8B       		.byte	-117
 232 00cb 03       		.byte	3
 233 00cc 91       		.byte	-111
 234 00cd 02       		.byte	2
 235 00ce 92       		.byte	-110
 236 00cf 0D       		.byte	13
 237 00d0 99       		.byte	-103
 238 00d1 08       		.byte	8
 239 00d2 9A       		.byte	-102
 240 00d3 01       		.byte	1
 241 00d4 A6       		.byte	-90
 242 00d5 04       		.byte	4
 243 00d6 AA       		.byte	-86
 244 00d7 08       		.byte	8
 245 00d8 AE       		.byte	-82
 246 00d9 02       		.byte	2
 247 00da B0       		.byte	-80
 248 00db 02       		.byte	2
 249 00dc B1       		.byte	-79
 250 00dd 02       		.byte	2
 251 00de B2       		.byte	-78
 252 00df 04       		.byte	4
 253 00e0 B3       		.byte	-77
 254 00e1 08       		.byte	8
 255 00e2 B4       		.byte	-76
 256 00e3 01       		.byte	1
 257 00e4 B5       		.byte	-75
 258 00e5 04       		.byte	4
 259 00e6 B6       		.byte	-74
 260 00e7 08       		.byte	8
 261 00e8 B7       		.byte	-73
 262 00e9 01       		.byte	1
 263 00ea BE       		.byte	-66
 264 00eb 10       		.byte	16
 265 00ec C0       		.byte	-64
 266 00ed 40       		.byte	64
 267 00ee C1       		.byte	-63
 268 00ef 05       		.byte	5
 269 00f0 C5       		.byte	-59
 270 00f1 D2       		.byte	-46
 271 00f2 C6       		.byte	-58
 272 00f3 12       		.byte	18
 273 00f4 C7       		.byte	-57
 274 00f5 05       		.byte	5
 275 00f6 C8       		.byte	-56
 276 00f7 1F       		.byte	31
 277 00f8 C9       		.byte	-55
 278 00f9 FF       		.byte	-1
 279 00fa CA       		.byte	-54
 280 00fb FF       		.byte	-1
 281 00fc CB       		.byte	-53
 282 00fd FF       		.byte	-1
 283 00fe CD       		.byte	-51
 284 00ff A0       		.byte	-96
 285 0100 CF       		.byte	-49
ARM GAS  C:\Users\santa\AppData\Local\Temp\ccKOjomi.s 			page 6


 286 0101 04       		.byte	4
 287 0102 D0       		.byte	-48
 288 0103 18       		.byte	24
 289 0104 D2       		.byte	-46
 290 0105 80       		.byte	-128
 291 0106 D4       		.byte	-44
 292 0107 07       		.byte	7
 293 0108 D8       		.byte	-40
 294 0109 04       		.byte	4
 295 010a D9       		.byte	-39
 296 010b 04       		.byte	4
 297 010c DA       		.byte	-38
 298 010d 04       		.byte	4
 299 010e DB       		.byte	-37
 300 010f 04       		.byte	4
 301 0110 DF       		.byte	-33
 302 0111 01       		.byte	1
 303 0112 E0       		.byte	-32
 304 0113 40       		.byte	64
 305 0114 E2       		.byte	-30
 306 0115 C0       		.byte	-64
 307 0116 E4       		.byte	-28
 308 0117 40       		.byte	64
 309 0118 E5       		.byte	-27
 310 0119 40       		.byte	64
 311 011a E6       		.byte	-26
 312 011b C0       		.byte	-64
 313 011c E8       		.byte	-24
 314 011d C0       		.byte	-64
 315 011e EA       		.byte	-22
 316 011f C0       		.byte	-64
 317 0120 EC       		.byte	-20
 318 0121 C0       		.byte	-64
 319 0122 EE       		.byte	-18
 320 0123 C0       		.byte	-64
 321 0124 03       		.byte	3
 322 0125 08       		.byte	8
 323 0126 0A       		.byte	10
 324 0127 41       		.byte	65
 325 0128 0E       		.byte	14
 326 0129 80       		.byte	-128
 327 012a 0F       		.byte	15
 328 012b 08       		.byte	8
 329 012c 10       		.byte	16
 330 012d 22       		.byte	34
 331 012e 16       		.byte	22
 332 012f 28       		.byte	40
 333 0130 17       		.byte	23
 334 0131 40       		.byte	64
 335 0132 18       		.byte	24
 336 0133 80       		.byte	-128
 337 0134 19       		.byte	25
 338 0135 04       		.byte	4
 339 0136 1A       		.byte	26
 340 0137 01       		.byte	1
 341 0138 1B       		.byte	27
 342 0139 20       		.byte	32
ARM GAS  C:\Users\santa\AppData\Local\Temp\ccKOjomi.s 			page 7


 343 013a 1D       		.byte	29
 344 013b 82       		.byte	-126
 345 013c 1E       		.byte	30
 346 013d 98       		.byte	-104
 347 013e 20       		.byte	32
 348 013f 40       		.byte	64
 349 0140 22       		.byte	34
 350 0141 54       		.byte	84
 351 0142 26       		.byte	38
 352 0143 20       		.byte	32
 353 0144 27       		.byte	39
 354 0145 A2       		.byte	-94
 355 0146 2B       		.byte	43
 356 0147 08       		.byte	8
 357 0148 30       		.byte	48
 358 0149 20       		.byte	32
 359 014a 32       		.byte	50
 360 014b 04       		.byte	4
 361 014c 36       		.byte	54
 362 014d 20       		.byte	32
 363 014e 37       		.byte	55
 364 014f 02       		.byte	2
 365 0150 38       		.byte	56
 366 0151 40       		.byte	64
 367 0152 3C       		.byte	60
 368 0153 08       		.byte	8
 369 0154 3E       		.byte	62
 370 0155 20       		.byte	32
 371 0156 42       		.byte	66
 372 0157 01       		.byte	1
 373 0158 45       		.byte	69
 374 0159 02       		.byte	2
 375 015a 48       		.byte	72
 376 015b 22       		.byte	34
 377 015c 49       		.byte	73
 378 015d 01       		.byte	1
 379 015e 4F       		.byte	79
 380 015f 89       		.byte	-119
 381 0160 50       		.byte	80
 382 0161 02       		.byte	2
 383 0162 53       		.byte	83
 384 0163 08       		.byte	8
 385 0164 54       		.byte	84
 386 0165 04       		.byte	4
 387 0166 56       		.byte	86
 388 0167 28       		.byte	40
 389 0168 57       		.byte	87
 390 0169 40       		.byte	64
 391 016a 59       		.byte	89
 392 016b 05       		.byte	5
 393 016c 5A       		.byte	90
 394 016d A0       		.byte	-96
 395 016e 5E       		.byte	94
 396 016f 08       		.byte	8
 397 0170 5F       		.byte	95
 398 0171 A1       		.byte	-95
 399 0172 72       		.byte	114
ARM GAS  C:\Users\santa\AppData\Local\Temp\ccKOjomi.s 			page 8


 400 0173 40       		.byte	64
 401 0174 77       		.byte	119
 402 0175 40       		.byte	64
 403 0176 8B       		.byte	-117
 404 0177 20       		.byte	32
 405 0178 94       		.byte	-108
 406 0179 80       		.byte	-128
 407 017a 96       		.byte	-106
 408 017b 10       		.byte	16
 409 017c A5       		.byte	-91
 410 017d 80       		.byte	-128
 411 017e C0       		.byte	-64
 412 017f 02       		.byte	2
 413 0180 C2       		.byte	-62
 414 0181 59       		.byte	89
 415 0182 C4       		.byte	-60
 416 0183 E5       		.byte	-27
 417 0184 CA       		.byte	-54
 418 0185 04       		.byte	4
 419 0186 CC       		.byte	-52
 420 0187 A6       		.byte	-90
 421 0188 CE       		.byte	-50
 422 0189 68       		.byte	104
 423 018a D0       		.byte	-48
 424 018b 88       		.byte	-120
 425 018c D2       		.byte	-46
 426 018d 18       		.byte	24
 427 018e D6       		.byte	-42
 428 018f FF       		.byte	-1
 429 0190 E2       		.byte	-30
 430 0191 80       		.byte	-128
 431 0192 94       		.byte	-108
 432 0193 80       		.byte	-128
 433 0194 96       		.byte	-106
 434 0195 10       		.byte	16
 435 0196 A5       		.byte	-91
 436 0197 80       		.byte	-128
 437 0198 30       		.byte	48
 438 0199 10       		.byte	16
 439 019a CC       		.byte	-52
 440 019b 10       		.byte	16
 441 019c 50       		.byte	80
 442 019d 04       		.byte	4
 443 019e 55       		.byte	85
 444 019f 02       		.byte	2
 445 01a0 5B       		.byte	91
 446 01a1 80       		.byte	-128
 447 01a2 67       		.byte	103
 448 01a3 08       		.byte	8
 449 01a4 84       		.byte	-124
 450 01a5 10       		.byte	16
 451 01a6 9C       		.byte	-100
 452 01a7 10       		.byte	16
 453 01a8 D4       		.byte	-44
 454 01a9 A0       		.byte	-96
 455 01aa D6       		.byte	-42
 456 01ab 20       		.byte	32
ARM GAS  C:\Users\santa\AppData\Local\Temp\ccKOjomi.s 			page 9


 457 01ac D8       		.byte	-40
 458 01ad 80       		.byte	-128
 459 01ae E6       		.byte	-26
 460 01af 40       		.byte	64
 461 01b0 80       		.byte	-128
 462 01b1 04       		.byte	4
 463 01b2 94       		.byte	-108
 464 01b3 08       		.byte	8
 465 01b4 97       		.byte	-105
 466 01b5 08       		.byte	8
 467 01b6 9F       		.byte	-97
 468 01b7 80       		.byte	-128
 469 01b8 A5       		.byte	-91
 470 01b9 02       		.byte	2
 471 01ba E6       		.byte	-26
 472 01bb 80       		.byte	-128
 473 01bc 97       		.byte	-105
 474 01bd 08       		.byte	8
 475 01be AB       		.byte	-85
 476 01bf 80       		.byte	-128
 477 01c0 B5       		.byte	-75
 478 01c1 02       		.byte	2
 479 01c2 EA       		.byte	-22
 480 01c3 80       		.byte	-128
 481 01c4 84       		.byte	-124
 482 01c5 04       		.byte	4
 483 01c6 A4       		.byte	-92
 484 01c7 04       		.byte	4
 485 01c8 A4       		.byte	-92
 486 01c9 04       		.byte	4
 487 01ca 97       		.byte	-105
 488 01cb 08       		.byte	8
 489 01cc 8B       		.byte	-117
 490 01cd 04       		.byte	4
 491 01ce 97       		.byte	-105
 492 01cf 08       		.byte	8
 493 01d0 1C       		.byte	28
 494 01d1 08       		.byte	8
 495 01d2 A4       		.byte	-92
 496 01d3 04       		.byte	4
 497 01d4 C6       		.byte	-58
 498 01d5 01       		.byte	1
 499 01d6 10       		.byte	16
 500 01d7 01       		.byte	1
 501 01d8 1A       		.byte	26
 502 01d9 01       		.byte	1
 503 01da 00       		.byte	0
 504 01db 03       		.byte	3
 505 01dc 00       		.byte	0
 506 01dd 3B       		.byte	59
 507 01de 3B       		.byte	59
 508 01df 00       		.byte	0
 509 01e0 1B       		.byte	27
 510 01e1 00       		.byte	0
 511 01e2 04       		.byte	4
 512 01e3 00       		.byte	0
 513 01e4 00       		.byte	0
ARM GAS  C:\Users\santa\AppData\Local\Temp\ccKOjomi.s 			page 10


 514 01e5 00       		.byte	0
 515 01e6 00       		.byte	0
 516 01e7 00       		.byte	0
 517 01e8 00       		.byte	0
 518 01e9 00       		.byte	0
 519 01ea 02       		.byte	2
 520 01eb 00       		.byte	0
 521 01ec 00       		.byte	0
 522 01ed 0B       		.byte	11
 523 01ee 0B       		.byte	11
 524 01ef 00       		.byte	0
 525 01f0 00       		.byte	0
 526 01f1 00       		.byte	0
 527 01f2 00       		.byte	0
 528 01f3 00       		.byte	0
 529 01f4 00       		.byte	0
 530 01f5 00       		.byte	0
 531 01f6 00       		.byte	0
 532 01f7 00       		.byte	0
 533 01f8 00       		.byte	0
 534 01f9 00       		.byte	0
 535 01fa 22       		.byte	34
 536 01fb 00       		.byte	0
 537 01fc 01       		.byte	1
 538 01fd 00       		.byte	0
 539 01fe 18       		.byte	24
 540 01ff 01       		.byte	1
 541              		.section	.cywolatch,"a",%progbits
 542              		.align	2
 543              		.type	cy_meta_wonvl, %object
 544              		.size	cy_meta_wonvl, 4
 545              	cy_meta_wonvl:
 546 0000 BC       		.byte	-68
 547 0001 90       		.byte	-112
 548 0002 AC       		.byte	-84
 549 0003 AF       		.byte	-81
 550              		.section	.cycustnvl,"a",%progbits
 551              		.align	2
 552              		.type	cy_meta_custnvl, %object
 553              		.size	cy_meta_custnvl, 4
 554              	cy_meta_custnvl:
 555 0000 00       		.byte	0
 556 0001 00       		.byte	0
 557 0002 40       		.byte	64
 558 0003 05       		.byte	5
 559              		.section	.cymeta,"a",%progbits
 560              		.align	2
 561              		.type	cy_metadata, %object
 562              		.size	cy_metadata, 12
 563              	cy_metadata:
 564 0000 00       		.byte	0
 565 0001 01       		.byte	1
 566 0002 2E       		.byte	46
 567 0003 12       		.byte	18
 568 0004 30       		.byte	48
 569 0005 69       		.byte	105
 570 0006 00       		.byte	0
ARM GAS  C:\Users\santa\AppData\Local\Temp\ccKOjomi.s 			page 11


 571 0007 01       		.byte	1
 572 0008 00       		.byte	0
 573 0009 00       		.byte	0
 574 000a 00       		.byte	0
 575 000b 00       		.byte	0
 576              		.section	.cyflashprotect,"a",%progbits
 577              		.align	2
 578              		.type	cy_meta_flashprotect, %object
 579              		.size	cy_meta_flashprotect, 256
 580              	cy_meta_flashprotect:
 581 0000 00000000 		.space	256
 581      00000000 
 581      00000000 
 581      00000000 
 581      00000000 
 582              		.text
 583              	.Letext0:
 584              		.file 1 "c:\\program files (x86)\\cypress\\psoc creator\\4.2\\psoc creator\\import\\gnu\\arm\\5.4.
 585              		.file 2 "c:\\program files (x86)\\cypress\\psoc creator\\4.2\\psoc creator\\import\\gnu\\arm\\5.4.
 586              		.file 3 "Generated_Source\\PSoC5\\cymetadata.c"
 587              		.section	.debug_info,"",%progbits
 588              	.Ldebug_info0:
 589 0000 31010000 		.4byte	0x131
 590 0004 0400     		.2byte	0x4
 591 0006 00000000 		.4byte	.Ldebug_abbrev0
 592 000a 04       		.byte	0x4
 593 000b 01       		.uleb128 0x1
 594 000c 24000000 		.4byte	.LASF17
 595 0010 0C       		.byte	0xc
 596 0011 CE010000 		.4byte	.LASF18
 597 0015 7E010000 		.4byte	.LASF19
 598 0019 00000000 		.4byte	.Ldebug_line0
 599 001d 02       		.uleb128 0x2
 600 001e 01       		.byte	0x1
 601 001f 06       		.byte	0x6
 602 0020 72010000 		.4byte	.LASF0
 603 0024 03       		.uleb128 0x3
 604 0025 00000000 		.4byte	.LASF9
 605 0029 01       		.byte	0x1
 606 002a 1D       		.byte	0x1d
 607 002b 2F000000 		.4byte	0x2f
 608 002f 02       		.uleb128 0x2
 609 0030 01       		.byte	0x1
 610 0031 08       		.byte	0x8
 611 0032 16000000 		.4byte	.LASF1
 612 0036 02       		.uleb128 0x2
 613 0037 02       		.byte	0x2
 614 0038 05       		.byte	0x5
 615 0039 5F010000 		.4byte	.LASF2
 616 003d 02       		.uleb128 0x2
 617 003e 02       		.byte	0x2
 618 003f 07       		.byte	0x7
 619 0040 C4000000 		.4byte	.LASF3
 620 0044 02       		.uleb128 0x2
 621 0045 04       		.byte	0x4
 622 0046 05       		.byte	0x5
 623 0047 69010000 		.4byte	.LASF4
ARM GAS  C:\Users\santa\AppData\Local\Temp\ccKOjomi.s 			page 12


 624 004b 02       		.uleb128 0x2
 625 004c 04       		.byte	0x4
 626 004d 07       		.byte	0x7
 627 004e B2000000 		.4byte	.LASF5
 628 0052 02       		.uleb128 0x2
 629 0053 08       		.byte	0x8
 630 0054 05       		.byte	0x5
 631 0055 51010000 		.4byte	.LASF6
 632 0059 02       		.uleb128 0x2
 633 005a 08       		.byte	0x8
 634 005b 07       		.byte	0x7
 635 005c 06010000 		.4byte	.LASF7
 636 0060 04       		.uleb128 0x4
 637 0061 04       		.byte	0x4
 638 0062 05       		.byte	0x5
 639 0063 696E7400 		.ascii	"int\000"
 640 0067 02       		.uleb128 0x2
 641 0068 04       		.byte	0x4
 642 0069 07       		.byte	0x7
 643 006a F9000000 		.4byte	.LASF8
 644 006e 03       		.uleb128 0x3
 645 006f 1D010000 		.4byte	.LASF10
 646 0073 02       		.byte	0x2
 647 0074 18       		.byte	0x18
 648 0075 24000000 		.4byte	0x24
 649 0079 05       		.uleb128 0x5
 650 007a 91000000 		.4byte	0x91
 651 007e 8A000000 		.4byte	0x8a
 652 0082 06       		.uleb128 0x6
 653 0083 8A000000 		.4byte	0x8a
 654 0087 FF01     		.2byte	0x1ff
 655 0089 00       		.byte	0
 656 008a 02       		.uleb128 0x2
 657 008b 04       		.byte	0x4
 658 008c 07       		.byte	0x7
 659 008d 48010000 		.4byte	.LASF11
 660 0091 07       		.uleb128 0x7
 661 0092 6E000000 		.4byte	0x6e
 662 0096 08       		.uleb128 0x8
 663 0097 E7000000 		.4byte	.LASF12
 664 009b 03       		.byte	0x3
 665 009c 1F       		.byte	0x1f
 666 009d A7000000 		.4byte	0xa7
 667 00a1 05       		.uleb128 0x5
 668 00a2 03       		.byte	0x3
 669 00a3 00000000 		.4byte	cy_meta_configecc
 670 00a7 07       		.uleb128 0x7
 671 00a8 79000000 		.4byte	0x79
 672 00ac 05       		.uleb128 0x5
 673 00ad 91000000 		.4byte	0x91
 674 00b1 BC000000 		.4byte	0xbc
 675 00b5 09       		.uleb128 0x9
 676 00b6 8A000000 		.4byte	0x8a
 677 00ba 03       		.byte	0x3
 678 00bb 00       		.byte	0
 679 00bc 08       		.uleb128 0x8
 680 00bd D7000000 		.4byte	.LASF13
ARM GAS  C:\Users\santa\AppData\Local\Temp\ccKOjomi.s 			page 13


 681 00c1 03       		.byte	0x3
 682 00c2 6C       		.byte	0x6c
 683 00c3 CD000000 		.4byte	0xcd
 684 00c7 05       		.uleb128 0x5
 685 00c8 03       		.byte	0x3
 686 00c9 00000000 		.4byte	cy_meta_custnvl
 687 00cd 07       		.uleb128 0x7
 688 00ce AC000000 		.4byte	0xac
 689 00d2 08       		.uleb128 0x8
 690 00d3 3A010000 		.4byte	.LASF14
 691 00d7 03       		.byte	0x3
 692 00d8 7A       		.byte	0x7a
 693 00d9 E3000000 		.4byte	0xe3
 694 00dd 05       		.uleb128 0x5
 695 00de 03       		.byte	0x3
 696 00df 00000000 		.4byte	cy_meta_wonvl
 697 00e3 07       		.uleb128 0x7
 698 00e4 AC000000 		.4byte	0xac
 699 00e8 05       		.uleb128 0x5
 700 00e9 91000000 		.4byte	0x91
 701 00ed F8000000 		.4byte	0xf8
 702 00f1 09       		.uleb128 0x9
 703 00f2 8A000000 		.4byte	0x8a
 704 00f6 FF       		.byte	0xff
 705 00f7 00       		.byte	0
 706 00f8 08       		.uleb128 0x8
 707 00f9 25010000 		.4byte	.LASF15
 708 00fd 03       		.byte	0x3
 709 00fe 88       		.byte	0x88
 710 00ff 09010000 		.4byte	0x109
 711 0103 05       		.uleb128 0x5
 712 0104 03       		.byte	0x3
 713 0105 00000000 		.4byte	cy_meta_flashprotect
 714 0109 07       		.uleb128 0x7
 715 010a E8000000 		.4byte	0xe8
 716 010e 05       		.uleb128 0x5
 717 010f 91000000 		.4byte	0x91
 718 0113 1E010000 		.4byte	0x11e
 719 0117 09       		.uleb128 0x9
 720 0118 8A000000 		.4byte	0x8a
 721 011c 0B       		.byte	0xb
 722 011d 00       		.byte	0
 723 011e 08       		.uleb128 0x8
 724 011f 0A000000 		.4byte	.LASF16
 725 0123 03       		.byte	0x3
 726 0124 B5       		.byte	0xb5
 727 0125 2F010000 		.4byte	0x12f
 728 0129 05       		.uleb128 0x5
 729 012a 03       		.byte	0x3
 730 012b 00000000 		.4byte	cy_metadata
 731 012f 07       		.uleb128 0x7
 732 0130 0E010000 		.4byte	0x10e
 733 0134 00       		.byte	0
 734              		.section	.debug_abbrev,"",%progbits
 735              	.Ldebug_abbrev0:
 736 0000 01       		.uleb128 0x1
 737 0001 11       		.uleb128 0x11
ARM GAS  C:\Users\santa\AppData\Local\Temp\ccKOjomi.s 			page 14


 738 0002 01       		.byte	0x1
 739 0003 25       		.uleb128 0x25
 740 0004 0E       		.uleb128 0xe
 741 0005 13       		.uleb128 0x13
 742 0006 0B       		.uleb128 0xb
 743 0007 03       		.uleb128 0x3
 744 0008 0E       		.uleb128 0xe
 745 0009 1B       		.uleb128 0x1b
 746 000a 0E       		.uleb128 0xe
 747 000b 10       		.uleb128 0x10
 748 000c 17       		.uleb128 0x17
 749 000d 00       		.byte	0
 750 000e 00       		.byte	0
 751 000f 02       		.uleb128 0x2
 752 0010 24       		.uleb128 0x24
 753 0011 00       		.byte	0
 754 0012 0B       		.uleb128 0xb
 755 0013 0B       		.uleb128 0xb
 756 0014 3E       		.uleb128 0x3e
 757 0015 0B       		.uleb128 0xb
 758 0016 03       		.uleb128 0x3
 759 0017 0E       		.uleb128 0xe
 760 0018 00       		.byte	0
 761 0019 00       		.byte	0
 762 001a 03       		.uleb128 0x3
 763 001b 16       		.uleb128 0x16
 764 001c 00       		.byte	0
 765 001d 03       		.uleb128 0x3
 766 001e 0E       		.uleb128 0xe
 767 001f 3A       		.uleb128 0x3a
 768 0020 0B       		.uleb128 0xb
 769 0021 3B       		.uleb128 0x3b
 770 0022 0B       		.uleb128 0xb
 771 0023 49       		.uleb128 0x49
 772 0024 13       		.uleb128 0x13
 773 0025 00       		.byte	0
 774 0026 00       		.byte	0
 775 0027 04       		.uleb128 0x4
 776 0028 24       		.uleb128 0x24
 777 0029 00       		.byte	0
 778 002a 0B       		.uleb128 0xb
 779 002b 0B       		.uleb128 0xb
 780 002c 3E       		.uleb128 0x3e
 781 002d 0B       		.uleb128 0xb
 782 002e 03       		.uleb128 0x3
 783 002f 08       		.uleb128 0x8
 784 0030 00       		.byte	0
 785 0031 00       		.byte	0
 786 0032 05       		.uleb128 0x5
 787 0033 01       		.uleb128 0x1
 788 0034 01       		.byte	0x1
 789 0035 49       		.uleb128 0x49
 790 0036 13       		.uleb128 0x13
 791 0037 01       		.uleb128 0x1
 792 0038 13       		.uleb128 0x13
 793 0039 00       		.byte	0
 794 003a 00       		.byte	0
ARM GAS  C:\Users\santa\AppData\Local\Temp\ccKOjomi.s 			page 15


 795 003b 06       		.uleb128 0x6
 796 003c 21       		.uleb128 0x21
 797 003d 00       		.byte	0
 798 003e 49       		.uleb128 0x49
 799 003f 13       		.uleb128 0x13
 800 0040 2F       		.uleb128 0x2f
 801 0041 05       		.uleb128 0x5
 802 0042 00       		.byte	0
 803 0043 00       		.byte	0
 804 0044 07       		.uleb128 0x7
 805 0045 26       		.uleb128 0x26
 806 0046 00       		.byte	0
 807 0047 49       		.uleb128 0x49
 808 0048 13       		.uleb128 0x13
 809 0049 00       		.byte	0
 810 004a 00       		.byte	0
 811 004b 08       		.uleb128 0x8
 812 004c 34       		.uleb128 0x34
 813 004d 00       		.byte	0
 814 004e 03       		.uleb128 0x3
 815 004f 0E       		.uleb128 0xe
 816 0050 3A       		.uleb128 0x3a
 817 0051 0B       		.uleb128 0xb
 818 0052 3B       		.uleb128 0x3b
 819 0053 0B       		.uleb128 0xb
 820 0054 49       		.uleb128 0x49
 821 0055 13       		.uleb128 0x13
 822 0056 3F       		.uleb128 0x3f
 823 0057 19       		.uleb128 0x19
 824 0058 02       		.uleb128 0x2
 825 0059 18       		.uleb128 0x18
 826 005a 00       		.byte	0
 827 005b 00       		.byte	0
 828 005c 09       		.uleb128 0x9
 829 005d 21       		.uleb128 0x21
 830 005e 00       		.byte	0
 831 005f 49       		.uleb128 0x49
 832 0060 13       		.uleb128 0x13
 833 0061 2F       		.uleb128 0x2f
 834 0062 0B       		.uleb128 0xb
 835 0063 00       		.byte	0
 836 0064 00       		.byte	0
 837 0065 00       		.byte	0
 838              		.section	.debug_aranges,"",%progbits
 839 0000 14000000 		.4byte	0x14
 840 0004 0200     		.2byte	0x2
 841 0006 00000000 		.4byte	.Ldebug_info0
 842 000a 04       		.byte	0x4
 843 000b 00       		.byte	0
 844 000c 0000     		.2byte	0
 845 000e 0000     		.2byte	0
 846 0010 00000000 		.4byte	0
 847 0014 00000000 		.4byte	0
 848              		.section	.debug_line,"",%progbits
 849              	.Ldebug_line0:
 850 0000 3D010000 		.section	.debug_str,"MS",%progbits,1
 850      02003701 
ARM GAS  C:\Users\santa\AppData\Local\Temp\ccKOjomi.s 			page 16


 850      00000201 
 850      FB0E0D00 
 850      01010101 
 851              	.LASF9:
 852 0000 5F5F7569 		.ascii	"__uint8_t\000"
 852      6E74385F 
 852      7400
 853              	.LASF16:
 854 000a 63795F6D 		.ascii	"cy_metadata\000"
 854      65746164 
 854      61746100 
 855              	.LASF1:
 856 0016 756E7369 		.ascii	"unsigned char\000"
 856      676E6564 
 856      20636861 
 856      7200
 857              	.LASF17:
 858 0024 474E5520 		.ascii	"GNU C11 5.4.1 20160609 (release) [ARM/embedded-5-br"
 858      43313120 
 858      352E342E 
 858      31203230 
 858      31363036 
 859 0057 616E6368 		.ascii	"anch revision 237715] -mcpu=cortex-m3 -mthumb -g -O"
 859      20726576 
 859      6973696F 
 859      6E203233 
 859      37373135 
 860 008a 67202D66 		.ascii	"g -ffunction-sections -ffat-lto-objects\000"
 860      66756E63 
 860      74696F6E 
 860      2D736563 
 860      74696F6E 
 861              	.LASF5:
 862 00b2 6C6F6E67 		.ascii	"long unsigned int\000"
 862      20756E73 
 862      69676E65 
 862      6420696E 
 862      7400
 863              	.LASF3:
 864 00c4 73686F72 		.ascii	"short unsigned int\000"
 864      7420756E 
 864      7369676E 
 864      65642069 
 864      6E7400
 865              	.LASF13:
 866 00d7 63795F6D 		.ascii	"cy_meta_custnvl\000"
 866      6574615F 
 866      63757374 
 866      6E766C00 
 867              	.LASF12:
 868 00e7 63795F6D 		.ascii	"cy_meta_configecc\000"
 868      6574615F 
 868      636F6E66 
 868      69676563 
 868      6300
 869              	.LASF8:
 870 00f9 756E7369 		.ascii	"unsigned int\000"
ARM GAS  C:\Users\santa\AppData\Local\Temp\ccKOjomi.s 			page 17


 870      676E6564 
 870      20696E74 
 870      00
 871              	.LASF7:
 872 0106 6C6F6E67 		.ascii	"long long unsigned int\000"
 872      206C6F6E 
 872      6720756E 
 872      7369676E 
 872      65642069 
 873              	.LASF10:
 874 011d 75696E74 		.ascii	"uint8_t\000"
 874      385F7400 
 875              	.LASF15:
 876 0125 63795F6D 		.ascii	"cy_meta_flashprotect\000"
 876      6574615F 
 876      666C6173 
 876      6870726F 
 876      74656374 
 877              	.LASF14:
 878 013a 63795F6D 		.ascii	"cy_meta_wonvl\000"
 878      6574615F 
 878      776F6E76 
 878      6C00
 879              	.LASF11:
 880 0148 73697A65 		.ascii	"sizetype\000"
 880      74797065 
 880      00
 881              	.LASF6:
 882 0151 6C6F6E67 		.ascii	"long long int\000"
 882      206C6F6E 
 882      6720696E 
 882      7400
 883              	.LASF2:
 884 015f 73686F72 		.ascii	"short int\000"
 884      7420696E 
 884      7400
 885              	.LASF4:
 886 0169 6C6F6E67 		.ascii	"long int\000"
 886      20696E74 
 886      00
 887              	.LASF0:
 888 0172 7369676E 		.ascii	"signed char\000"
 888      65642063 
 888      68617200 
 889              	.LASF19:
 890 017e 433A5C55 		.ascii	"C:\\Users\\santa\\Documents\\PSoC Creator\\Proyecto"
 890      73657273 
 890      5C73616E 
 890      74615C44 
 890      6F63756D 
 891 01ac 5F46696E 		.ascii	"_Final\\Workspace01\\Design01.cydsn\000"
 891      616C5C57 
 891      6F726B73 
 891      70616365 
 891      30315C44 
 892              	.LASF18:
 893 01ce 47656E65 		.ascii	"Generated_Source\\PSoC5\\cymetadata.c\000"
ARM GAS  C:\Users\santa\AppData\Local\Temp\ccKOjomi.s 			page 18


 893      72617465 
 893      645F536F 
 893      75726365 
 893      5C50536F 
 894              		.ident	"GCC: (GNU Tools for ARM Embedded Processors) 5.4.1 20160609 (release) [ARM/embedded-5-bran
